* Starting client
* Connecting to master process on port 13258
* Analyzing classpath: 
  - C:/Users/Daan/IdeaProjects/jsoup/target/classes
  - C:\Program Files\Java\jdk1.8.0_171\jre\lib\charsets.jar
  - C:\Program Files\Java\jdk1.8.0_171\jre\lib\deploy.jar
  - C:\Program Files\Java\jdk1.8.0_171\jre\lib\ext\access-bridge-64.jar
  - C:\Program Files\Java\jdk1.8.0_171\jre\lib\ext\cldrdata.jar
  - C:\Program Files\Java\jdk1.8.0_171\jre\lib\ext\dnsns.jar
  - C:\Program Files\Java\jdk1.8.0_171\jre\lib\ext\jaccess.jar
  - C:\Program Files\Java\jdk1.8.0_171\jre\lib\ext\jfxrt.jar
  - C:\Program Files\Java\jdk1.8.0_171\jre\lib\ext\localedata.jar
  - C:\Program Files\Java\jdk1.8.0_171\jre\lib\ext\nashorn.jar
  - C:\Program Files\Java\jdk1.8.0_171\jre\lib\ext\sunec.jar
  - C:\Program Files\Java\jdk1.8.0_171\jre\lib\ext\sunjce_provider.jar
  - C:\Program Files\Java\jdk1.8.0_171\jre\lib\ext\sunmscapi.jar
  - C:\Program Files\Java\jdk1.8.0_171\jre\lib\ext\sunpkcs11.jar
  - C:\Program Files\Java\jdk1.8.0_171\jre\lib\ext\zipfs.jar
  - C:\Program Files\Java\jdk1.8.0_171\jre\lib\javaws.jar
  - C:\Program Files\Java\jdk1.8.0_171\jre\lib\jce.jar
  - C:\Program Files\Java\jdk1.8.0_171\jre\lib\jfr.jar
  - C:\Program Files\Java\jdk1.8.0_171\jre\lib\jfxswt.jar
  - C:\Program Files\Java\jdk1.8.0_171\jre\lib\jsse.jar
  - C:\Program Files\Java\jdk1.8.0_171\jre\lib\management-agent.jar
  - C:\Program Files\Java\jdk1.8.0_171\jre\lib\plugin.jar
  - C:\Program Files\Java\jdk1.8.0_171\jre\lib\resources.jar
  - C:\Program Files\Java\jdk1.8.0_171\jre\lib\rt.jar
  - C:\Users\Daan\IdeaProjects\jsoup\target\test-classes
  - C:\Users\Daan\IdeaProjects\jsoup\target\classes
  - C:\Users\Daan\.m2\repository\junit\junit\4.12\junit-4.12.jar
  - C:\Users\Daan\.m2\repository\org\hamcrest\hamcrest-core\1.3\hamcrest-core-1.3.jar
  - C:\Users\Daan\.m2\repository\com\google\code\gson\gson\2.7\gson-2.7.jar
  - C:\Users\Daan\.m2\repository\org\eclipse\jetty\jetty-server\9.2.22.v20170606\jetty-server-9.2.22.v20170606.jar
  - C:\Users\Daan\.m2\repository\javax\servlet\javax.servlet-api\3.1.0\javax.servlet-api-3.1.0.jar
  - C:\Users\Daan\.m2\repository\org\eclipse\jetty\jetty-http\9.2.22.v20170606\jetty-http-9.2.22.v20170606.jar
  - C:\Users\Daan\.m2\repository\org\eclipse\jetty\jetty-util\9.2.22.v20170606\jetty-util-9.2.22.v20170606.jar
  - C:\Users\Daan\.m2\repository\org\eclipse\jetty\jetty-io\9.2.22.v20170606\jetty-io-9.2.22.v20170606.jar
  - C:\Users\Daan\.m2\repository\org\eclipse\jetty\jetty-servlet\9.2.22.v20170606\jetty-servlet-9.2.22.v20170606.jar
  - C:\Users\Daan\.m2\repository\org\eclipse\jetty\jetty-security\9.2.22.v20170606\jetty-security-9.2.22.v20170606.jar
* Finished analyzing classpath
* Generating tests for class org.jsoup.nodes.CDataNode
* Test criteria:
  - Line Coverage
  - Branch Coverage
  - Exception
  - Mutation testing (weak)
  - Method-Output Coverage
  - Top-Level Method Coverage
  - No-Exception Top-Level Method Coverage
  - Context Branch Coverage
* Setting up search algorithm for whole suite generation
[MASTER] 12:47:07.503 [pool-2-thread-1] WARN  TestSuiteSerialization - Cannot load tests because file does not exist: C:\Users\Daan\IdeaProjects\jsoup\.evosuite\evosuite-seeds\org.jsoup.nodes.CDataNode.seed
* Loaded 0 tests from C:\Users\Daan\IdeaProjects\jsoup\.evosuite\evosuite-seeds\org.jsoup.nodes.CDataNode.seed
* Total number of test goals: 
  - Line 13
  - Branch 5
  - Exception 0
  - MutationFactory 3
  - Output 6
  - Method 5
  - MethodNoException 5
  - CBranchFitnessFactory 5
* Using seed 1524134817564
* Starting evolution
[MASTER] 12:47:07.703 [pool-2-thread-1] WARN  TimeController - Phase INITIALIZATION lasted too long, 4 seconds more than allowed.
* Search finished after 34s and 35 generations, 14797 statements, best individual has fitness: 2.833333333333333
* Writing sequences to pool
[MASTER] 12:47:55.798 [pool-2-thread-1] WARN  TimeController - Phase SEARCH lasted too long, 18 seconds more than allowed.
[MASTER] 12:47:55.821 [pool-2-thread-1] WARN  TimeController - Current phase MINIMIZATION could run up to 5s, but only 1s are left
* Skipping minimization because not enough time is left
* Going to analyze the coverage criteria
* Coverage analysis for criterion LINE
* Coverage of criterion LINE: 85%
* Total number of goals: 13
* Number of covered goals: 11
* Coverage analysis for criterion BRANCH
* Coverage of criterion BRANCH: 100%
* Total number of goals: 5
* Number of covered goals: 5
* Coverage analysis for criterion EXCEPTION
* Coverage of criterion EXCEPTION: 100%
* Total number of goals: 5
* Number of covered goals: 5
* Coverage analysis for criterion WEAKMUTATION
* Coverage of criterion WEAKMUTATION: 100%
* Total number of goals: 3
* Number of covered goals: 3
* Coverage analysis for criterion OUTPUT
* Coverage of criterion OUTPUT: 67%
* Total number of goals: 6
* Number of covered goals: 4
* Coverage analysis for criterion METHOD
* Coverage of criterion METHOD: 100%
* Total number of goals: 5
* Number of covered goals: 5
* Coverage analysis for criterion METHODNOEXCEPTION
* Coverage of criterion METHODNOEXCEPTION: 100%
* Total number of goals: 5
* Number of covered goals: 5
* Coverage analysis for criterion CBRANCH
* Coverage of criterion CBRANCH: 100%
* Total number of goals: 5
* Number of covered goals: 5
* Generated 15 tests with total length 130
* Resulting test suite's coverage: 94% (average coverage for all fitness functions)
* Generating assertions
[MASTER] 12:47:55.863 [pool-2-thread-1] WARN  TimeController - Current phase ASSERTION_GENERATION could run up to 5s, but only 1s are left
* Skipping assertion generation because not enough time is left
* Compiling and checking tests
[MASTER] 12:47:55.891 [pool-2-thread-1] WARN  TimeController - Current phase JUNIT_CHECK could run up to 5s, but only 1s are left
[MASTER] 12:47:55.892 [pool-2-thread-1] WARN  TimeController - Current phase WRITING_TESTS could run up to 5s, but only 1s are left
* Writing JUnit test case 'CDataNode_ESTest' to C:\Users\Daan\IdeaProjects\jsoup\.evosuite\tmp_2018_04_19_12_13_31\tests
* Done!

