[MASTER] 12:32:47.056 [RMI TCP Connection(2)-127.0.0.1] ERROR ExecutionTracer - CurrentThread has not been set!
[MASTER] 12:32:47.069 [RMI TCP Connection(2)-127.0.0.1] ERROR ExecutionTracer - Thread: Thread[RMI Reaper,5,system]
 -> java.lang.Object.wait(Native Method)
 -> java.lang.ref.ReferenceQueue.remove(ReferenceQueue.java:143)
 -> java.lang.ref.ReferenceQueue.remove(ReferenceQueue.java:164)
 -> sun.rmi.transport.ObjectTable$Reaper.run(ObjectTable.java:351)
 -> java.lang.Thread.run(Thread.java:748)

[MASTER] 12:32:47.069 [RMI TCP Connection(2)-127.0.0.1] ERROR ExecutionTracer - Thread: Thread[RMI TCP Accept-6629,5,system]
 -> java.net.DualStackPlainSocketImpl.accept0(Native Method)
 -> java.net.DualStackPlainSocketImpl.socketAccept(DualStackPlainSocketImpl.java:131)
 -> java.net.AbstractPlainSocketImpl.accept(AbstractPlainSocketImpl.java:409)
 -> java.net.PlainSocketImpl.accept(PlainSocketImpl.java:199)
 -> java.net.ServerSocket.implAccept(ServerSocket.java:545)
 -> java.net.ServerSocket.accept(ServerSocket.java:513)
 -> sun.rmi.transport.tcp.TCPTransport$AcceptLoop.executeAcceptLoop(TCPTransport.java:405)
 -> sun.rmi.transport.tcp.TCPTransport$AcceptLoop.run(TCPTransport.java:377)
 -> java.lang.Thread.run(Thread.java:748)

[MASTER] 12:32:47.089 [RMI TCP Connection(2)-127.0.0.1] ERROR ExecutionTracer - Thread: Thread[RMI TCP Connection(1)-10.193.0.42,5,RMI Runtime]
 -> java.net.SocketInputStream.socketRead0(Native Method)
 -> java.net.SocketInputStream.socketRead(SocketInputStream.java:116)
 -> java.net.SocketInputStream.read(SocketInputStream.java:171)
 -> java.net.SocketInputStream.read(SocketInputStream.java:141)
 -> java.io.BufferedInputStream.fill(BufferedInputStream.java:246)
 -> java.io.BufferedInputStream.read(BufferedInputStream.java:265)
 -> java.io.FilterInputStream.read(FilterInputStream.java:83)
 -> sun.rmi.transport.tcp.TCPTransport.handleMessages(TCPTransport.java:555)
 -> sun.rmi.transport.tcp.TCPTransport$ConnectionHandler.run0(TCPTransport.java:835)
 -> sun.rmi.transport.tcp.TCPTransport$ConnectionHandler.lambda$run$0(TCPTransport.java:688)
 -> sun.rmi.transport.tcp.TCPTransport$ConnectionHandler$$Lambda$10/1712314953.run(Unknown Source)
 -> java.security.AccessController.doPrivileged(Native Method)
 -> sun.rmi.transport.tcp.TCPTransport$ConnectionHandler.run(TCPTransport.java:687)
 -> java.util.concurrent.ThreadPoolExecutor.runWorker(ThreadPoolExecutor.java:1149)
 -> java.util.concurrent.ThreadPoolExecutor$Worker.run(ThreadPoolExecutor.java:624)
 -> java.lang.Thread.run(Thread.java:748)

[MASTER] 12:32:47.089 [RMI TCP Connection(2)-127.0.0.1] ERROR ExecutionTracer - Thread: Thread[Finalizer,8,system]
 -> java.lang.Object.wait(Native Method)
 -> java.lang.ref.ReferenceQueue.remove(ReferenceQueue.java:143)
 -> java.lang.ref.ReferenceQueue.remove(ReferenceQueue.java:164)
 -> java.lang.ref.Finalizer$FinalizerThread.run(Finalizer.java:212)

[MASTER] 12:32:47.089 [RMI TCP Connection(2)-127.0.0.1] ERROR ExecutionTracer - Thread: Thread[RMI TCP Accept-10726,5,system]
 -> java.net.DualStackPlainSocketImpl.accept0(Native Method)
 -> java.net.DualStackPlainSocketImpl.socketAccept(DualStackPlainSocketImpl.java:131)
 -> java.net.AbstractPlainSocketImpl.accept(AbstractPlainSocketImpl.java:409)
 -> java.net.PlainSocketImpl.accept(PlainSocketImpl.java:199)
 -> java.net.ServerSocket.implAccept(ServerSocket.java:545)
 -> java.net.ServerSocket.accept(ServerSocket.java:513)
 -> sun.rmi.transport.tcp.TCPTransport$AcceptLoop.executeAcceptLoop(TCPTransport.java:405)
 -> sun.rmi.transport.tcp.TCPTransport$AcceptLoop.run(TCPTransport.java:377)
 -> java.lang.Thread.run(Thread.java:748)

[MASTER] 12:32:47.089 [RMI TCP Connection(2)-127.0.0.1] ERROR ExecutionTracer - Thread: Thread[Reference Handler,10,system]
 -> java.lang.Object.wait(Native Method)
 -> java.lang.Object.wait(Object.java:502)
 -> java.lang.ref.Reference.tryHandlePending(Reference.java:191)
 -> java.lang.ref.Reference$ReferenceHandler.run(Reference.java:153)

[MASTER] 12:32:47.121 [RMI TCP Connection(2)-127.0.0.1] ERROR ExecutionTracer - Thread: Thread[RMI TCP Connection(2)-127.0.0.1,5,RMI Runtime]
 -> java.lang.Thread.dumpThreads(Native Method)
 -> java.lang.Thread.getAllStackTraces(Thread.java:1610)
 -> org.evosuite.testcase.execution.ExecutionTracer.isThreadNeqCurrentThread(ExecutionTracer.java:214)
 -> org.evosuite.testcase.execution.ExecutionTracer.returnValue(ExecutionTracer.java:311)
 -> org.jsoup.nodes.Document$OutputSettings.charset(Document.java:428)
 -> org.jsoup.nodes.Document$OutputSettings.<init>(Document.java:383)
 -> org.jsoup.nodes.Entities.<clinit>(Entities.java)
 -> org.jsoup.nodes.Entities$EscapeMode.<init>(Entities.java:52)
 -> org.jsoup.nodes.Entities$EscapeMode.<clinit>(Entities.java)
 -> sun.reflect.NativeMethodAccessorImpl.invoke0(Native Method)
 -> sun.reflect.NativeMethodAccessorImpl.invoke(NativeMethodAccessorImpl.java:62)
 -> sun.reflect.DelegatingMethodAccessorImpl.invoke(DelegatingMethodAccessorImpl.java:43)
 -> java.lang.reflect.Method.invoke(Method.java:498)
 -> java.lang.Class.getEnumConstantsShared(Class.java:3320)
 -> java.lang.Class.getEnumConstants(Class.java:3297)
 -> org.evosuite.testcase.statements.EnumPrimitiveStatement.readObject(EnumPrimitiveStatement.java:268)
 -> sun.reflect.NativeMethodAccessorImpl.invoke0(Native Method)
 -> sun.reflect.NativeMethodAccessorImpl.invoke(NativeMethodAccessorImpl.java:62)
 -> sun.reflect.DelegatingMethodAccessorImpl.invoke(DelegatingMethodAccessorImpl.java:43)
 -> java.lang.reflect.Method.invoke(Method.java:498)
 -> java.io.ObjectStreamClass.invokeReadObject(ObjectStreamClass.java:1158)
 -> java.io.ObjectInputStream.readSerialData(ObjectInputStream.java:2176)
 -> java.io.ObjectInputStream.readOrdinaryObject(ObjectInputStream.java:2067)
 -> java.io.ObjectInputStream.readObject0(ObjectInputStream.java:1571)
 -> java.io.ObjectInputStream.readObject(ObjectInputStream.java:431)
 -> java.util.ArrayList.readObject(ArrayList.java:797)
 -> sun.reflect.GeneratedMethodAccessor6.invoke(Unknown Source)
 -> sun.reflect.DelegatingMethodAccessorImpl.invoke(DelegatingMethodAccessorImpl.java:43)
 -> java.lang.reflect.Method.invoke(Method.java:498)
 -> java.io.ObjectStreamClass.invokeReadObject(ObjectStreamClass.java:1158)
 -> java.io.ObjectInputStream.readSerialData(ObjectInputStream.java:2176)
 -> java.io.ObjectInputStream.readOrdinaryObject(ObjectInputStream.java:2067)
 -> java.io.ObjectInputStream.readObject0(ObjectInputStream.java:1571)
 -> java.io.ObjectInputStream.defaultReadFields(ObjectInputStream.java:2285)
 -> java.io.ObjectInputStream.readSerialData(ObjectInputStream.java:2209)
 -> java.io.ObjectInputStream.readOrdinaryObject(ObjectInputStream.java:2067)
 -> java.io.ObjectInputStream.readObject0(ObjectInputStream.java:1571)
 -> java.io.ObjectInputStream.defaultReadFields(ObjectInputStream.java:2285)
 -> java.io.ObjectInputStream.defaultReadObject(ObjectInputStream.java:561)
 -> org.evosuite.testcase.DefaultTestCase.readObject(DefaultTestCase.java:1131)
 -> sun.reflect.NativeMethodAccessorImpl.invoke0(Native Method)
 -> sun.reflect.NativeMethodAccessorImpl.invoke(NativeMethodAccessorImpl.java:62)
 -> sun.reflect.DelegatingMethodAccessorImpl.invoke(DelegatingMethodAccessorImpl.java:43)
 -> java.lang.reflect.Method.invoke(Method.java:498)
 -> java.io.ObjectStreamClass.invokeReadObject(ObjectStreamClass.java:1158)
 -> java.io.ObjectInputStream.readSerialData(ObjectInputStream.java:2176)
 -> java.io.ObjectInputStream.readOrdinaryObject(ObjectInputStream.java:2067)
 -> java.io.ObjectInputStream.readObject0(ObjectInputStream.java:1571)
 -> java.io.ObjectInputStream.defaultReadFields(ObjectInputStream.java:2285)
 -> java.io.ObjectInputStream.readSerialData(ObjectInputStream.java:2209)
 -> java.io.ObjectInputStream.readOrdinaryObject(ObjectInputStream.java:2067)
 -> java.io.ObjectInputStream.readObject0(ObjectInputStream.java:1571)
 -> java.io.ObjectInputStream.readObject(ObjectInputStream.java:431)
 -> java.util.ArrayList.readObject(ArrayList.java:797)
 -> sun.reflect.GeneratedMethodAccessor6.invoke(Unknown Source)
 -> sun.reflect.DelegatingMethodAccessorImpl.invoke(DelegatingMethodAccessorImpl.java:43)
 -> java.lang.reflect.Method.invoke(Method.java:498)
 -> java.io.ObjectStreamClass.invokeReadObject(ObjectStreamClass.java:1158)
 -> java.io.ObjectInputStream.readSerialData(ObjectInputStream.java:2176)
 -> java.io.ObjectInputStream.readOrdinaryObject(ObjectInputStream.java:2067)
 -> java.io.ObjectInputStream.readObject0(ObjectInputStream.java:1571)
 -> java.io.ObjectInputStream.defaultReadFields(ObjectInputStream.java:2285)
 -> java.io.ObjectInputStream.readSerialData(ObjectInputStream.java:2209)
 -> java.io.ObjectInputStream.readOrdinaryObject(ObjectInputStream.java:2067)
 -> java.io.ObjectInputStream.readObject0(ObjectInputStream.java:1571)
 -> java.io.ObjectInputStream.readObject(ObjectInputStream.java:431)
 -> sun.rmi.server.UnicastRef.unmarshalValue(UnicastRef.java:322)
 -> sun.rmi.server.UnicastServerRef.unmarshalParametersUnchecked(UnicastServerRef.java:628)
 -> sun.rmi.server.UnicastServerRef.unmarshalParameters(UnicastServerRef.java:616)
 -> sun.rmi.server.UnicastServerRef.dispatch(UnicastServerRef.java:338)
 -> sun.rmi.transport.Transport$1.run(Transport.java:200)
 -> sun.rmi.transport.Transport$1.run(Transport.java:197)
 -> java.security.AccessController.doPrivileged(Native Method)
 -> sun.rmi.transport.Transport.serviceCall(Transport.java:196)
 -> sun.rmi.transport.tcp.TCPTransport.handleMessages(TCPTransport.java:573)
 -> sun.rmi.transport.tcp.TCPTransport$ConnectionHandler.run0(TCPTransport.java:835)
 -> sun.rmi.transport.tcp.TCPTransport$ConnectionHandler.lambda$run$0(TCPTransport.java:688)
 -> sun.rmi.transport.tcp.TCPTransport$ConnectionHandler$$Lambda$10/1712314953.run(Unknown Source)
 -> java.security.AccessController.doPrivileged(Native Method)
 -> sun.rmi.transport.tcp.TCPTransport$ConnectionHandler.run(TCPTransport.java:687)
 -> java.util.concurrent.ThreadPoolExecutor.runWorker(ThreadPoolExecutor.java:1149)
 -> java.util.concurrent.ThreadPoolExecutor$Worker.run(ThreadPoolExecutor.java:624)
 -> java.lang.Thread.run(Thread.java:748)

[MASTER] 12:32:47.122 [RMI TCP Connection(2)-127.0.0.1] ERROR ExecutionTracer - Thread: Thread[GC Daemon,2,system]
 -> java.lang.Object.wait(Native Method)
 -> sun.misc.GC$Daemon.run(GC.java:117)

[MASTER] 12:32:47.122 [RMI TCP Connection(2)-127.0.0.1] ERROR ExecutionTracer - Thread: Thread[Thread-0,5,main]
 -> java.net.SocketInputStream.socketRead0(Native Method)
 -> java.net.SocketInputStream.socketRead(SocketInputStream.java:116)
 -> java.net.SocketInputStream.read(SocketInputStream.java:171)
 -> java.net.SocketInputStream.read(SocketInputStream.java:141)
 -> sun.nio.cs.StreamDecoder.readBytes(StreamDecoder.java:284)
 -> sun.nio.cs.StreamDecoder.implRead(StreamDecoder.java:326)
 -> sun.nio.cs.StreamDecoder.read(StreamDecoder.java:178)
 -> java.io.InputStreamReader.read(InputStreamReader.java:184)
 -> java.io.Reader.read(Reader.java:100)
 -> java.util.Scanner.readInput(Scanner.java:804)
 -> java.util.Scanner.hasNext(Scanner.java:1339)
 -> org.evosuite.utils.SpawnProcessKeepAliveChecker$2.run(SpawnProcessKeepAliveChecker.java:133)

[MASTER] 12:32:47.122 [RMI TCP Connection(2)-127.0.0.1] ERROR ExecutionTracer - Thread: Thread[Signal Dispatcher,9,system]

[MASTER] 12:32:47.122 [RMI TCP Connection(2)-127.0.0.1] ERROR ExecutionTracer - Thread: Thread[main,5,main]
 -> java.net.SocketInputStream.socketRead0(Native Method)
 -> java.net.SocketInputStream.socketRead(SocketInputStream.java:116)
 -> java.net.SocketInputStream.read(SocketInputStream.java:171)
 -> java.net.SocketInputStream.read(SocketInputStream.java:141)
 -> java.io.BufferedInputStream.fill(BufferedInputStream.java:246)
 -> java.io.BufferedInputStream.read(BufferedInputStream.java:265)
 -> java.io.DataInputStream.readByte(DataInputStream.java:265)
 -> sun.rmi.transport.StreamRemoteCall.executeCall(StreamRemoteCall.java:222)
 -> sun.rmi.server.UnicastRef.invoke(UnicastRef.java:161)
 -> java.rmi.server.RemoteObjectInvocationHandler.invokeRemoteMethod(RemoteObjectInvocationHandler.java:227)
 -> java.rmi.server.RemoteObjectInvocationHandler.invoke(RemoteObjectInvocationHandler.java:179)
 -> com.sun.proxy.$Proxy7.waitUntilFinished(Unknown Source)
 -> org.evosuite.utils.ExternalProcessHandler.waitForResult(ExternalProcessHandler.java:608)
 -> org.evosuite.executionmode.TestGeneration.generateTests(TestGeneration.java:480)
 -> org.evosuite.executionmode.TestGeneration.executeTestGeneration(TestGeneration.java:79)
 -> org.evosuite.EvoSuite.parseCommandLine(EvoSuite.java:269)
 -> org.evosuite.EvoSuite.main(EvoSuite.java:302)

[MASTER] 12:32:47.122 [RMI TCP Connection(2)-127.0.0.1] ERROR ExecutionTracer - Thread: Thread[RMI Scheduler(0),5,system]
 -> sun.misc.Unsafe.park(Native Method)
 -> java.util.concurrent.locks.LockSupport.parkNanos(LockSupport.java:215)
 -> java.util.concurrent.locks.AbstractQueuedSynchronizer$ConditionObject.awaitNanos(AbstractQueuedSynchronizer.java:2078)
 -> java.util.concurrent.ScheduledThreadPoolExecutor$DelayedWorkQueue.take(ScheduledThreadPoolExecutor.java:1093)
 -> java.util.concurrent.ScheduledThreadPoolExecutor$DelayedWorkQueue.take(ScheduledThreadPoolExecutor.java:809)
 -> java.util.concurrent.ThreadPoolExecutor.getTask(ThreadPoolExecutor.java:1074)
 -> java.util.concurrent.ThreadPoolExecutor.runWorker(ThreadPoolExecutor.java:1134)
 -> java.util.concurrent.ThreadPoolExecutor$Worker.run(ThreadPoolExecutor.java:624)
 -> java.lang.Thread.run(Thread.java:748)

[MASTER] 12:32:47.122 [RMI TCP Connection(2)-127.0.0.1] ERROR ExecutionTracer - Thread: Thread[Thread-4,5,main]
 -> java.io.FileInputStream.readBytes(Native Method)
 -> java.io.FileInputStream.read(FileInputStream.java:255)
 -> sun.nio.cs.StreamDecoder.readBytes(StreamDecoder.java:284)
 -> sun.nio.cs.StreamDecoder.implRead(StreamDecoder.java:326)
 -> sun.nio.cs.StreamDecoder.read(StreamDecoder.java:178)
 -> java.io.InputStreamReader.read(InputStreamReader.java:184)
 -> java.io.BufferedReader.fill(BufferedReader.java:161)
 -> java.io.BufferedReader.read(BufferedReader.java:182)
 -> org.evosuite.utils.ExternalProcessHandler$4.run(ExternalProcessHandler.java:445)

[MASTER] 12:32:47.122 [RMI TCP Connection(2)-127.0.0.1] ERROR ExecutionTracer - Thread: Thread[RMI TCP Connection(3)-127.0.0.1,5,RMI Runtime]
 -> java.net.SocketInputStream.socketRead0(Native Method)
 -> java.net.SocketInputStream.socketRead(SocketInputStream.java:116)
 -> java.net.SocketInputStream.read(SocketInputStream.java:171)
 -> java.net.SocketInputStream.read(SocketInputStream.java:141)
 -> java.io.BufferedInputStream.fill(BufferedInputStream.java:246)
 -> java.io.BufferedInputStream.read(BufferedInputStream.java:265)
 -> java.io.FilterInputStream.read(FilterInputStream.java:83)
 -> sun.rmi.transport.tcp.TCPTransport.handleMessages(TCPTransport.java:555)
 -> sun.rmi.transport.tcp.TCPTransport$ConnectionHandler.run0(TCPTransport.java:835)
 -> sun.rmi.transport.tcp.TCPTransport$ConnectionHandler.lambda$run$0(TCPTransport.java:688)
 -> sun.rmi.transport.tcp.TCPTransport$ConnectionHandler$$Lambda$10/1712314953.run(Unknown Source)
 -> java.security.AccessController.doPrivileged(Native Method)
 -> sun.rmi.transport.tcp.TCPTransport$ConnectionHandler.run(TCPTransport.java:687)
 -> java.util.concurrent.ThreadPoolExecutor.runWorker(ThreadPoolExecutor.java:1149)
 -> java.util.concurrent.ThreadPoolExecutor$Worker.run(ThreadPoolExecutor.java:624)
 -> java.lang.Thread.run(Thread.java:748)

[MASTER] 12:32:47.122 [RMI TCP Connection(2)-127.0.0.1] ERROR ExecutionTracer - Thread: Thread[Thread-3,5,main]
 -> java.io.FileInputStream.readBytes(Native Method)
 -> java.io.FileInputStream.read(FileInputStream.java:255)
 -> java.io.BufferedInputStream.read1(BufferedInputStream.java:284)
 -> java.io.BufferedInputStream.read(BufferedInputStream.java:345)
 -> sun.nio.cs.StreamDecoder.readBytes(StreamDecoder.java:284)
 -> sun.nio.cs.StreamDecoder.implRead(StreamDecoder.java:326)
 -> sun.nio.cs.StreamDecoder.read(StreamDecoder.java:178)
 -> java.io.InputStreamReader.read(InputStreamReader.java:184)
 -> java.io.BufferedReader.fill(BufferedReader.java:161)
 -> java.io.BufferedReader.read(BufferedReader.java:182)
 -> org.evosuite.utils.ExternalProcessHandler$3.run(ExternalProcessHandler.java:404)

[MASTER] 12:32:47.122 [RMI TCP Connection(2)-127.0.0.1] ERROR ExecutionTracer - Thread: Thread[pool-2-thread-1,5,main]
 -> java.net.DualStackPlainSocketImpl.accept0(Native Method)
 -> java.net.DualStackPlainSocketImpl.socketAccept(DualStackPlainSocketImpl.java:131)
 -> java.net.AbstractPlainSocketImpl.accept(AbstractPlainSocketImpl.java:409)
 -> java.net.PlainSocketImpl.accept(PlainSocketImpl.java:199)
 -> java.net.ServerSocket.implAccept(ServerSocket.java:545)
 -> java.net.ServerSocket.accept(ServerSocket.java:513)
 -> org.evosuite.utils.LoggingUtils$1.call(LoggingUtils.java:145)
 -> org.evosuite.utils.LoggingUtils$1.call(LoggingUtils.java:141)
 -> java.util.concurrent.FutureTask.run(FutureTask.java:266)
 -> java.util.concurrent.ThreadPoolExecutor.runWorker(ThreadPoolExecutor.java:1149)
 -> java.util.concurrent.ThreadPoolExecutor$Worker.run(ThreadPoolExecutor.java:624)
 -> java.lang.Thread.run(Thread.java:748)

[MASTER] 12:32:47.123 [RMI TCP Connection(2)-127.0.0.1] ERROR ExecutionTracer - Thread: Thread[Attach Listener,5,system]

[MASTER] 12:32:47.123 [RMI TCP Connection(2)-127.0.0.1] ERROR ExecutionTracer - Thread: Thread[RMI RenewClean-[127.0.0.1:20713],5,system]
 -> java.lang.Object.wait(Native Method)
 -> java.lang.ref.ReferenceQueue.remove(ReferenceQueue.java:143)
 -> sun.rmi.transport.DGCClient$EndpointEntry$RenewCleanThread.run(DGCClient.java:563)
 -> java.lang.Thread.run(Thread.java:748)

